79
0 22
1 22
1 23
1 24
1 25
2 25
3 25
3 26
3 27
3 28
3 29
2 29
1 29
1 30
1 31
1 32
1 33
2 33
3 33
4 33
5 33
6 33
7 33
7 34
7 35
7 36
7 37
8 37
9 37
9 36
9 35
10 35
11 35
12 35
13 35
13 34
13 33
13 32
13 31
13 30
13 29
13 28
13 27
13 26
13 25
13 24
13 23
14 23
15 23
16 23
17 23
17 24
17 25
16 25
15 25
15 26
15 27
15 28
15 29
16 29
17 29
17 30
17 31
17 32
17 33
17 34
17 35
17 36
17 37
18 37
19 37
19 36
19 35
19 34
19 33
19 32
19 31
20 31
20 30
